
  .   ____          _            __ _ _
 /\\ / ___'_ __ _ _(_)_ __  __ _ \ \ \ \
( ( )\___ | '_ | '_| | '_ \/ _` | \ \ \ \
 \\/  ___)| |_)| | | | | || (_| |  ) ) ) )
  '  |____| .__|_| |_|_| |_\__, | / / / /
 =========|_|==============|___/=/_/_/_/
 :: Spring Boot ::                (v2.7.0)

2022-06-23 17:29:18.848  INFO 88047 --- [           main] seongsland.Run                           : Starting Run using Java 1.8.0_111 on goorm with PID 88047 (/workspace/springBoot/build/libs/springBoot-0.0.1-SNAPSHOT.war started by root in /workspace/springBoot)
2022-06-23 17:29:18.852  INFO 88047 --- [           main] seongsland.Run                           : The following 1 profile is active: "local"
2022-06-23 17:29:30.161  WARN 88047 --- [           main] o.m.s.mapper.ClassPathMapperScanner      : No MyBatis mapper was found in '[seongsland]' package. Please check your configuration.
2022-06-23 17:29:37.857  INFO 88047 --- [           main] o.s.b.w.embedded.tomcat.TomcatWebServer  : Tomcat initialized with port(s): 8080 (http)
2022-06-23 17:29:37.959  INFO 88047 --- [           main] o.apache.catalina.core.StandardService   : Starting service [Tomcat]
2022-06-23 17:29:37.960  INFO 88047 --- [           main] org.apache.catalina.core.StandardEngine  : Starting Servlet engine: [Apache Tomcat/9.0.63]
2022-06-23 17:29:49.153  INFO 88047 --- [           main] org.apache.jasper.servlet.TldScanner     : At least one JAR was scanned for TLDs yet contained no TLDs. Enable debug logging for this logger for a complete list of JARs that were scanned but no TLDs were found in them. Skipping unneeded JARs during scanning can improve startup time and JSP compilation time.
2022-06-23 17:29:51.270  INFO 88047 --- [           main] o.a.c.c.C.[Tomcat].[localhost].[/]       : Initializing Spring embedded WebApplicationContext
2022-06-23 17:29:51.270  INFO 88047 --- [           main] w.s.c.ServletWebServerApplicationContext : Root WebApplicationContext: initialization completed in 31420 ms
2022-06-23 17:30:02.655  INFO 88047 --- [           main] o.s.b.a.w.s.WelcomePageHandlerMapping    : Adding welcome page: ServletContext resource [/index.html]
2022-06-23 17:30:06.451  INFO 88047 --- [           main] o.s.b.w.embedded.tomcat.TomcatWebServer  : Tomcat started on port(s): 8080 (http) with context path ''
2022-06-23 17:30:06.658  INFO 88047 --- [           main] seongsland.Run                           : Started Run in 53.506 seconds (JVM running for 63.104)
spring started.
